<?xml version="1.0" encoding="UTF-8"?>
<!-- Generated by org.testng.reporters.JUnitReportReporter -->
<testsuite skipped="0" hostname="DESKTOP-UK84QK6" name="com.CRM.qa.TestCases.TestLogin" tests="1" failures="0" timestamp="22 Apr 2019 15:42:09 GMT" time="0.011" errors="0">
  <testcase name="testf" time="0.011" classname="com.CRM.qa.TestCases.TestLogin"/>
</testsuite> <!-- com.CRM.qa.TestCases.TestLogin -->
