<?xml version="1.0" encoding="UTF-8"?>
<!-- Generated by org.testng.reporters.JUnitReportReporter -->
<testsuite skipped="0" hostname="DESKTOP-UK84QK6" name="com.CRM.qa.TestCases.LoginPageTestCases" tests="3" failures="0" timestamp="23 Apr 2019 14:02:25 GMT" time="38.025" errors="0">
  <testcase name="loginTest" time="14.199" classname="com.CRM.qa.TestCases.LoginPageTestCases"/>
  <testcase name="loginPageTitleTest" time="11.490" classname="com.CRM.qa.TestCases.LoginPageTestCases"/>
  <testcase name="Verifylink" time="12.336" classname="com.CRM.qa.TestCases.LoginPageTestCases"/>
</testsuite> <!-- com.CRM.qa.TestCases.LoginPageTestCases -->
