<?xml version="1.0" encoding="UTF-8"?>
<!-- Generated by org.testng.reporters.JUnitReportReporter -->
<testsuite skipped="0" hostname="DESKTOP-UK84QK6" name="com.CRM.qa.TestCases.HomePageTestCases" tests="4" failures="0" timestamp="23 Apr 2019 14:02:25 GMT" time="57.678" errors="0">
  <testcase name="verifyHomePageTitleTest" time="11.872" classname="com.CRM.qa.TestCases.HomePageTestCases"/>
  <testcase name="verifyUserNameTest" time="14.315" classname="com.CRM.qa.TestCases.HomePageTestCases"/>
  <testcase name="verifyContactsLinkTest" time="17.449" classname="com.CRM.qa.TestCases.HomePageTestCases"/>
  <testcase name="verifyDealsLinkTest" time="14.042" classname="com.CRM.qa.TestCases.HomePageTestCases"/>
</testsuite> <!-- com.CRM.qa.TestCases.HomePageTestCases -->
