<?xml version="1.0" encoding="UTF-8"?>
<!-- Generated by org.testng.reporters.JUnitReportReporter -->
<testsuite skipped="0" hostname="DESKTOP-UK84QK6" name="com.CRM.qa.TestCases.CreateContactTest$ContactsPageTest" tests="1" failures="0" timestamp="28 Apr 2019 05:18:29 GMT" time="93.364" errors="0">
  <testcase name="Checkcontact" time="93.364" classname="com.CRM.qa.TestCases.CreateContactTest$ContactsPageTest"/>
</testsuite> <!-- com.CRM.qa.TestCases.CreateContactTest$ContactsPageTest -->
