<?xml version="1.0" encoding="UTF-8"?>
<!-- Generated by org.testng.reporters.JUnitReportReporter -->
<testsuite skipped="0" hostname="DESKTOP-UK84QK6" name="CreateContactTest$ContactsPageTest" tests="1" failures="0" timestamp="25 Apr 2019 05:39:11 GMT" time="17.463" errors="0">
  <testcase name="CreateNewContact" time="17.463" classname="CreateContactTest$ContactsPageTest"/>
</testsuite> <!-- CreateContactTest$ContactsPageTest -->
